[12-Jan-2018 15:46:24 Europe/Moscow] PHP Notice:  Undefined index: name in /home/k/koltunvp/otoplenie-pod-klyuch-spb.rf/public_html/mail.php on line 22
[12-Jan-2018 15:46:24 Europe/Moscow] PHP Notice:  Undefined index: phone in /home/k/koltunvp/otoplenie-pod-klyuch-spb.rf/public_html/mail.php on line 26
[12-Jan-2018 15:46:24 Europe/Moscow] PHP Notice:  Undefined index: E-mail in /home/k/koltunvp/otoplenie-pod-klyuch-spb.rf/public_html/mail.php on line 30
[12-Jan-2018 15:46:24 Europe/Moscow] PHP Notice:  Undefined index: all_square in /home/k/koltunvp/otoplenie-pod-klyuch-spb.rf/public_html/mail.php on line 34
[12-Jan-2018 15:46:24 Europe/Moscow] PHP Notice:  Undefined index: small_square in /home/k/koltunvp/otoplenie-pod-klyuch-spb.rf/public_html/mail.php on line 38
[12-Jan-2018 15:46:24 Europe/Moscow] PHP Notice:  Undefined index: skidka in /home/k/koltunvp/otoplenie-pod-klyuch-spb.rf/public_html/mail.php on line 42
[12-Jan-2018 15:46:24 Europe/Moscow] PHP Notice:  Undefined index: form_subject in /home/k/koltunvp/otoplenie-pod-klyuch-spb.rf/public_html/mail.php on line 46
[12-Jan-2018 15:46:24 Europe/Moscow] PHP Notice:  Undefined index: utm_source in /home/k/koltunvp/otoplenie-pod-klyuch-spb.rf/public_html/mail.php on line 50
[12-Jan-2018 15:46:24 Europe/Moscow] PHP Notice:  Undefined index: utm_medium in /home/k/koltunvp/otoplenie-pod-klyuch-spb.rf/public_html/mail.php on line 54
[12-Jan-2018 15:46:24 Europe/Moscow] PHP Notice:  Undefined index: utm_campaign in /home/k/koltunvp/otoplenie-pod-klyuch-spb.rf/public_html/mail.php on line 58
[12-Jan-2018 15:46:24 Europe/Moscow] PHP Notice:  Undefined index: utm_term in /home/k/koltunvp/otoplenie-pod-klyuch-spb.rf/public_html/mail.php on line 62
[12-Jan-2018 15:46:24 Europe/Moscow] PHP Notice:  Undefined index: utm_content in /home/k/koltunvp/otoplenie-pod-klyuch-spb.rf/public_html/mail.php on line 66
[12-Jan-2018 15:46:24 Europe/Moscow] PHP Notice:  Undefined index: email in /home/k/koltunvp/otoplenie-pod-klyuch-spb.rf/public_html/mail.php on line 83
[12-Jan-2018 15:46:24 Europe/Moscow] PHP Warning:  Cannot modify header information - headers already sent by (output started at /home/k/koltunvp/otoplenie-pod-klyuch-spb.rf/public_html/mail.php:1) in /home/k/koltunvp/otoplenie-pod-klyuch-spb.rf/public_html/mail.php on line 121
[12-Jan-2018 15:54:58 Europe/Moscow] PHP Notice:  Undefined index: name in /home/k/koltunvp/otoplenie-pod-klyuch-spb.rf/public_html/mail.php on line 22
[12-Jan-2018 15:54:58 Europe/Moscow] PHP Notice:  Undefined index: phone in /home/k/koltunvp/otoplenie-pod-klyuch-spb.rf/public_html/mail.php on line 26
[12-Jan-2018 15:54:58 Europe/Moscow] PHP Notice:  Undefined index: E-mail in /home/k/koltunvp/otoplenie-pod-klyuch-spb.rf/public_html/mail.php on line 30
[12-Jan-2018 15:54:58 Europe/Moscow] PHP Notice:  Undefined index: all_square in /home/k/koltunvp/otoplenie-pod-klyuch-spb.rf/public_html/mail.php on line 34
[12-Jan-2018 15:54:58 Europe/Moscow] PHP Notice:  Undefined index: small_square in /home/k/koltunvp/otoplenie-pod-klyuch-spb.rf/public_html/mail.php on line 38
[12-Jan-2018 15:54:58 Europe/Moscow] PHP Notice:  Undefined index: skidka in /home/k/koltunvp/otoplenie-pod-klyuch-spb.rf/public_html/mail.php on line 42
[12-Jan-2018 15:54:58 Europe/Moscow] PHP Notice:  Undefined index: form_subject in /home/k/koltunvp/otoplenie-pod-klyuch-spb.rf/public_html/mail.php on line 46
[12-Jan-2018 15:54:58 Europe/Moscow] PHP Notice:  Undefined index: utm_source in /home/k/koltunvp/otoplenie-pod-klyuch-spb.rf/public_html/mail.php on line 50
[12-Jan-2018 15:54:58 Europe/Moscow] PHP Notice:  Undefined index: utm_medium in /home/k/koltunvp/otoplenie-pod-klyuch-spb.rf/public_html/mail.php on line 54
[12-Jan-2018 15:54:58 Europe/Moscow] PHP Notice:  Undefined index: utm_campaign in /home/k/koltunvp/otoplenie-pod-klyuch-spb.rf/public_html/mail.php on line 58
[12-Jan-2018 15:54:58 Europe/Moscow] PHP Notice:  Undefined index: utm_term in /home/k/koltunvp/otoplenie-pod-klyuch-spb.rf/public_html/mail.php on line 62
[12-Jan-2018 15:54:58 Europe/Moscow] PHP Notice:  Undefined index: utm_content in /home/k/koltunvp/otoplenie-pod-klyuch-spb.rf/public_html/mail.php on line 66
[12-Jan-2018 15:54:59 Europe/Moscow] PHP Notice:  Undefined index: email in /home/k/koltunvp/otoplenie-pod-klyuch-spb.rf/public_html/mail.php on line 83
[12-Jan-2018 15:54:59 Europe/Moscow] PHP Warning:  Cannot modify header information - headers already sent by (output started at /home/k/koltunvp/otoplenie-pod-klyuch-spb.rf/public_html/mail.php:1) in /home/k/koltunvp/otoplenie-pod-klyuch-spb.rf/public_html/mail.php on line 121
[12-Jan-2018 15:55:01 Europe/Moscow] PHP Notice:  Undefined index: name in /home/k/koltunvp/otoplenie-pod-klyuch-spb.rf/public_html/mail.php on line 22
[12-Jan-2018 15:55:01 Europe/Moscow] PHP Notice:  Undefined index: phone in /home/k/koltunvp/otoplenie-pod-klyuch-spb.rf/public_html/mail.php on line 26
[12-Jan-2018 15:55:01 Europe/Moscow] PHP Notice:  Undefined index: E-mail in /home/k/koltunvp/otoplenie-pod-klyuch-spb.rf/public_html/mail.php on line 30
[12-Jan-2018 15:55:01 Europe/Moscow] PHP Notice:  Undefined index: all_square in /home/k/koltunvp/otoplenie-pod-klyuch-spb.rf/public_html/mail.php on line 34
[12-Jan-2018 15:55:01 Europe/Moscow] PHP Notice:  Undefined index: small_square in /home/k/koltunvp/otoplenie-pod-klyuch-spb.rf/public_html/mail.php on line 38
[12-Jan-2018 15:55:01 Europe/Moscow] PHP Notice:  Undefined index: skidka in /home/k/koltunvp/otoplenie-pod-klyuch-spb.rf/public_html/mail.php on line 42
[12-Jan-2018 15:55:01 Europe/Moscow] PHP Notice:  Undefined index: form_subject in /home/k/koltunvp/otoplenie-pod-klyuch-spb.rf/public_html/mail.php on line 46
[12-Jan-2018 15:55:01 Europe/Moscow] PHP Notice:  Undefined index: utm_source in /home/k/koltunvp/otoplenie-pod-klyuch-spb.rf/public_html/mail.php on line 50
[12-Jan-2018 15:55:01 Europe/Moscow] PHP Notice:  Undefined index: utm_medium in /home/k/koltunvp/otoplenie-pod-klyuch-spb.rf/public_html/mail.php on line 54
[12-Jan-2018 15:55:01 Europe/Moscow] PHP Notice:  Undefined index: utm_campaign in /home/k/koltunvp/otoplenie-pod-klyuch-spb.rf/public_html/mail.php on line 58
[12-Jan-2018 15:55:01 Europe/Moscow] PHP Notice:  Undefined index: utm_term in /home/k/koltunvp/otoplenie-pod-klyuch-spb.rf/public_html/mail.php on line 62
[12-Jan-2018 15:55:01 Europe/Moscow] PHP Notice:  Undefined index: utm_content in /home/k/koltunvp/otoplenie-pod-klyuch-spb.rf/public_html/mail.php on line 66
[12-Jan-2018 15:55:01 Europe/Moscow] PHP Notice:  Undefined index: email in /home/k/koltunvp/otoplenie-pod-klyuch-spb.rf/public_html/mail.php on line 83
[12-Jan-2018 15:55:01 Europe/Moscow] PHP Warning:  Cannot modify header information - headers already sent by (output started at /home/k/koltunvp/otoplenie-pod-klyuch-spb.rf/public_html/mail.php:1) in /home/k/koltunvp/otoplenie-pod-klyuch-spb.rf/public_html/mail.php on line 121
[12-Jan-2018 16:05:06 Europe/Moscow] PHP Notice:  Undefined index: name in /home/k/koltunvp/otoplenie-pod-klyuch-spb.rf/public_html/mail.php on line 22
[12-Jan-2018 16:05:06 Europe/Moscow] PHP Notice:  Undefined index: phone in /home/k/koltunvp/otoplenie-pod-klyuch-spb.rf/public_html/mail.php on line 26
[12-Jan-2018 16:05:06 Europe/Moscow] PHP Notice:  Undefined index: E-mail in /home/k/koltunvp/otoplenie-pod-klyuch-spb.rf/public_html/mail.php on line 30
[12-Jan-2018 16:05:06 Europe/Moscow] PHP Notice:  Undefined index: all_square in /home/k/koltunvp/otoplenie-pod-klyuch-spb.rf/public_html/mail.php on line 34
[12-Jan-2018 16:05:06 Europe/Moscow] PHP Notice:  Undefined index: small_square in /home/k/koltunvp/otoplenie-pod-klyuch-spb.rf/public_html/mail.php on line 38
[12-Jan-2018 16:05:06 Europe/Moscow] PHP Notice:  Undefined index: skidka in /home/k/koltunvp/otoplenie-pod-klyuch-spb.rf/public_html/mail.php on line 42
[12-Jan-2018 16:05:06 Europe/Moscow] PHP Notice:  Undefined index: form_subject in /home/k/koltunvp/otoplenie-pod-klyuch-spb.rf/public_html/mail.php on line 46
[12-Jan-2018 16:05:06 Europe/Moscow] PHP Notice:  Undefined index: utm_source in /home/k/koltunvp/otoplenie-pod-klyuch-spb.rf/public_html/mail.php on line 50
[12-Jan-2018 16:05:06 Europe/Moscow] PHP Notice:  Undefined index: utm_medium in /home/k/koltunvp/otoplenie-pod-klyuch-spb.rf/public_html/mail.php on line 54
[12-Jan-2018 16:05:06 Europe/Moscow] PHP Notice:  Undefined index: utm_campaign in /home/k/koltunvp/otoplenie-pod-klyuch-spb.rf/public_html/mail.php on line 58
[12-Jan-2018 16:05:06 Europe/Moscow] PHP Notice:  Undefined index: utm_term in /home/k/koltunvp/otoplenie-pod-klyuch-spb.rf/public_html/mail.php on line 62
[12-Jan-2018 16:05:06 Europe/Moscow] PHP Notice:  Undefined index: utm_content in /home/k/koltunvp/otoplenie-pod-klyuch-spb.rf/public_html/mail.php on line 66
[12-Jan-2018 16:05:06 Europe/Moscow] PHP Notice:  Undefined index: email in /home/k/koltunvp/otoplenie-pod-klyuch-spb.rf/public_html/mail.php on line 83
[12-Jan-2018 16:05:07 Europe/Moscow] PHP Warning:  Cannot modify header information - headers already sent by (output started at /home/k/koltunvp/otoplenie-pod-klyuch-spb.rf/public_html/mail.php:1) in /home/k/koltunvp/otoplenie-pod-klyuch-spb.rf/public_html/mail.php on line 121
[12-Jan-2018 16:05:08 Europe/Moscow] PHP Notice:  Undefined index: name in /home/k/koltunvp/otoplenie-pod-klyuch-spb.rf/public_html/mail.php on line 22
[12-Jan-2018 16:05:08 Europe/Moscow] PHP Notice:  Undefined index: phone in /home/k/koltunvp/otoplenie-pod-klyuch-spb.rf/public_html/mail.php on line 26
[12-Jan-2018 16:05:08 Europe/Moscow] PHP Notice:  Undefined index: E-mail in /home/k/koltunvp/otoplenie-pod-klyuch-spb.rf/public_html/mail.php on line 30
[12-Jan-2018 16:05:08 Europe/Moscow] PHP Notice:  Undefined index: all_square in /home/k/koltunvp/otoplenie-pod-klyuch-spb.rf/public_html/mail.php on line 34
[12-Jan-2018 16:05:08 Europe/Moscow] PHP Notice:  Undefined index: small_square in /home/k/koltunvp/otoplenie-pod-klyuch-spb.rf/public_html/mail.php on line 38
[12-Jan-2018 16:05:08 Europe/Moscow] PHP Notice:  Undefined index: skidka in /home/k/koltunvp/otoplenie-pod-klyuch-spb.rf/public_html/mail.php on line 42
[12-Jan-2018 16:05:08 Europe/Moscow] PHP Notice:  Undefined index: form_subject in /home/k/koltunvp/otoplenie-pod-klyuch-spb.rf/public_html/mail.php on line 46
[12-Jan-2018 16:05:08 Europe/Moscow] PHP Notice:  Undefined index: utm_source in /home/k/koltunvp/otoplenie-pod-klyuch-spb.rf/public_html/mail.php on line 50
[12-Jan-2018 16:05:08 Europe/Moscow] PHP Notice:  Undefined index: utm_medium in /home/k/koltunvp/otoplenie-pod-klyuch-spb.rf/public_html/mail.php on line 54
[12-Jan-2018 16:05:08 Europe/Moscow] PHP Notice:  Undefined index: utm_campaign in /home/k/koltunvp/otoplenie-pod-klyuch-spb.rf/public_html/mail.php on line 58
[12-Jan-2018 16:05:08 Europe/Moscow] PHP Notice:  Undefined index: utm_term in /home/k/koltunvp/otoplenie-pod-klyuch-spb.rf/public_html/mail.php on line 62
[12-Jan-2018 16:05:08 Europe/Moscow] PHP Notice:  Undefined index: utm_content in /home/k/koltunvp/otoplenie-pod-klyuch-spb.rf/public_html/mail.php on line 66
[12-Jan-2018 16:05:08 Europe/Moscow] PHP Notice:  Undefined index: email in /home/k/koltunvp/otoplenie-pod-klyuch-spb.rf/public_html/mail.php on line 83
[12-Jan-2018 16:05:08 Europe/Moscow] PHP Warning:  Cannot modify header information - headers already sent by (output started at /home/k/koltunvp/otoplenie-pod-klyuch-spb.rf/public_html/mail.php:1) in /home/k/koltunvp/otoplenie-pod-klyuch-spb.rf/public_html/mail.php on line 121
[12-Jan-2018 18:02:47 Europe/Moscow] PHP Notice:  Undefined index: E-mail in /home/k/koltunvp/otoplenie-pod-klyuch-spb.rf/public_html/mail.php on line 30
[12-Jan-2018 18:02:47 Europe/Moscow] PHP Notice:  Undefined index: all_square in /home/k/koltunvp/otoplenie-pod-klyuch-spb.rf/public_html/mail.php on line 34
[12-Jan-2018 18:02:47 Europe/Moscow] PHP Notice:  Undefined index: small_square in /home/k/koltunvp/otoplenie-pod-klyuch-spb.rf/public_html/mail.php on line 38
[12-Jan-2018 18:02:47 Europe/Moscow] PHP Notice:  Undefined index: email in /home/k/koltunvp/otoplenie-pod-klyuch-spb.rf/public_html/mail.php on line 83
[12-Jan-2018 18:02:47 Europe/Moscow] PHP Warning:  Cannot modify header information - headers already sent by (output started at /home/k/koltunvp/otoplenie-pod-klyuch-spb.rf/public_html/mail.php:1) in /home/k/koltunvp/otoplenie-pod-klyuch-spb.rf/public_html/mail.php on line 121
[12-Jan-2018 18:02:54 Europe/Moscow] PHP Notice:  Undefined index: E-mail in /home/k/koltunvp/otoplenie-pod-klyuch-spb.rf/public_html/mail.php on line 30
[12-Jan-2018 18:02:54 Europe/Moscow] PHP Notice:  Undefined index: all_square in /home/k/koltunvp/otoplenie-pod-klyuch-spb.rf/public_html/mail.php on line 34
[12-Jan-2018 18:02:54 Europe/Moscow] PHP Notice:  Undefined index: small_square in /home/k/koltunvp/otoplenie-pod-klyuch-spb.rf/public_html/mail.php on line 38
[12-Jan-2018 18:02:54 Europe/Moscow] PHP Notice:  Undefined index: email in /home/k/koltunvp/otoplenie-pod-klyuch-spb.rf/public_html/mail.php on line 83
[12-Jan-2018 18:02:54 Europe/Moscow] PHP Warning:  Cannot modify header information - headers already sent by (output started at /home/k/koltunvp/otoplenie-pod-klyuch-spb.rf/public_html/mail.php:1) in /home/k/koltunvp/otoplenie-pod-klyuch-spb.rf/public_html/mail.php on line 121
[12-Jan-2018 18:13:26 Europe/Moscow] PHP Notice:  Undefined index: E-mail in /home/k/koltunvp/otoplenie-pod-klyuch-spb.rf/public_html/mail.php on line 30
[12-Jan-2018 18:13:26 Europe/Moscow] PHP Notice:  Undefined index: all_square in /home/k/koltunvp/otoplenie-pod-klyuch-spb.rf/public_html/mail.php on line 34
[12-Jan-2018 18:13:26 Europe/Moscow] PHP Notice:  Undefined index: small_square in /home/k/koltunvp/otoplenie-pod-klyuch-spb.rf/public_html/mail.php on line 38
[12-Jan-2018 18:13:26 Europe/Moscow] PHP Notice:  Undefined index: skidka in /home/k/koltunvp/otoplenie-pod-klyuch-spb.rf/public_html/mail.php on line 42
[12-Jan-2018 18:13:26 Europe/Moscow] PHP Notice:  Undefined index: email in /home/k/koltunvp/otoplenie-pod-klyuch-spb.rf/public_html/mail.php on line 83
[12-Jan-2018 18:13:26 Europe/Moscow] PHP Warning:  Cannot modify header information - headers already sent by (output started at /home/k/koltunvp/otoplenie-pod-klyuch-spb.rf/public_html/mail.php:1) in /home/k/koltunvp/otoplenie-pod-klyuch-spb.rf/public_html/mail.php on line 121
[13-Jan-2018 11:49:24 Europe/Moscow] PHP Notice:  Undefined index: E-mail in /home/k/koltunvp/otoplenie-pod-klyuch-spb.rf/public_html/mail.php on line 30
[13-Jan-2018 11:49:24 Europe/Moscow] PHP Notice:  Undefined index: all_square in /home/k/koltunvp/otoplenie-pod-klyuch-spb.rf/public_html/mail.php on line 34
[13-Jan-2018 11:49:24 Europe/Moscow] PHP Notice:  Undefined index: small_square in /home/k/koltunvp/otoplenie-pod-klyuch-spb.rf/public_html/mail.php on line 38
[13-Jan-2018 11:49:24 Europe/Moscow] PHP Notice:  Undefined index: skidka in /home/k/koltunvp/otoplenie-pod-klyuch-spb.rf/public_html/mail.php on line 42
[13-Jan-2018 11:49:24 Europe/Moscow] PHP Notice:  Undefined index: email in /home/k/koltunvp/otoplenie-pod-klyuch-spb.rf/public_html/mail.php on line 83
[13-Jan-2018 11:49:24 Europe/Moscow] PHP Warning:  Cannot modify header information - headers already sent by (output started at /home/k/koltunvp/otoplenie-pod-klyuch-spb.rf/public_html/mail.php:1) in /home/k/koltunvp/otoplenie-pod-klyuch-spb.rf/public_html/mail.php on line 121
[13-Jan-2018 11:51:19 Europe/Moscow] PHP Notice:  Undefined index: E-mail in /home/k/koltunvp/otoplenie-pod-klyuch-spb.rf/public_html/mail.php on line 30
[13-Jan-2018 11:51:19 Europe/Moscow] PHP Notice:  Undefined index: all_square in /home/k/koltunvp/otoplenie-pod-klyuch-spb.rf/public_html/mail.php on line 34
[13-Jan-2018 11:51:19 Europe/Moscow] PHP Notice:  Undefined index: small_square in /home/k/koltunvp/otoplenie-pod-klyuch-spb.rf/public_html/mail.php on line 38
[13-Jan-2018 11:51:19 Europe/Moscow] PHP Notice:  Undefined index: email in /home/k/koltunvp/otoplenie-pod-klyuch-spb.rf/public_html/mail.php on line 83
[13-Jan-2018 11:51:19 Europe/Moscow] PHP Warning:  Cannot modify header information - headers already sent by (output started at /home/k/koltunvp/otoplenie-pod-klyuch-spb.rf/public_html/mail.php:1) in /home/k/koltunvp/otoplenie-pod-klyuch-spb.rf/public_html/mail.php on line 121
